{"meta": {"format": 3, "version": "7.13.5", "timestamp": "2026-05-09T19:29:52.034763", "branch_coverage": false, "show_contexts": false}, "files": {"src/__init__.py": {"executed_lines": [], "summary": {"covered_lines": 0, "num_statements": 0, "percent_covered": 100.0, "percent_covered_display": "100", "missing_lines": 0, "excluded_lines": 0, "percent_statements_covered": 100.0, "percent_statements_covered_display": "100"}, "missing_lines": [], "excluded_lines": [], "functions": {"": {"executed_lines": [], "summary": {"covered_lines": 0, "num_statements": 0, "percent_covered": 100.0, "percent_covered_display": "100", "missing_lines": 0, "excluded_lines": 0, "percent_statements_covered": 100.0, "percent_statements_covered_display": "100"}, "missing_lines": [], "excluded_lines": [], "start_line": 1}}, "classes": {"": {"executed_lines": [], "summary": {"covered_lines": 0, "num_statements": 0, "percent_covered": 100.0, "percent_covered_display": "100", "missing_lines": 0, "excluded_lines": 0, "percent_statements_covered": 100.0, "percent_statements_covered_display": "100"}, "missing_lines": [], "excluded_lines": [], "start_line": 1}}}, "src/client/__init__.py": {"executed_lines": [], "summary": {"covered_lines": 0, "num_statements": 0, "percent_covered": 100.0, "percent_covered_display": "100", "missing_lines": 0, "excluded_lines": 0, "percent_statements_covered": 100.0, "percent_statements_covered_display": "100"}, "missing_lines": [], "excluded_lines": [], "functions": {"": {"executed_lines": [], "summary": {"covered_lines": 0, "num_statements": 0, "percent_covered": 100.0, "percent_covered_display": "100", "missing_lines": 0, "excluded_lines": 0, "percent_statements_covered": 100.0, "percent_statements_covered_display": "100"}, "missing_lines": [], "excluded_lines": [], "start_line": 1}}, "classes": {"": {"executed_lines": [], "summary": {"covered_lines": 0, "num_statements": 0, "percent_covered": 100.0, "percent_covered_display": "100", "missing_lines": 0, "excluded_lines": 0, "percent_statements_covered": 100.0, "percent_statements_covered_display": "100"}, "missing_lines": [], "excluded_lines": [], "start_line": 1}}}, "src/client/api_client.py": {"executed_lines": [3, 5, 7, 10, 13, 29, 33, 42, 51, 55], "summary": {"covered_lines": 10, "num_statements": 19, "percent_covered": 52.63157894736842, "percent_covered_display": "53", "missing_lines": 9, "excluded_lines": 0, "percent_statements_covered": 52.63157894736842, "percent_statements_covered_display": "53"}, "missing_lines": [19, 20, 21, 23, 31, 40, 49, 53, 57], "excluded_lines": [], "functions": {"GovernanceApiClient.__init__": {"executed_lines": [], "summary": {"covered_lines": 0, "num_statements": 4, "percent_covered": 0.0, "percent_covered_display": "0", "missing_lines": 4, "excluded_lines": 0, "percent_statements_covered": 0.0, "percent_statements_covered_display": "0"}, "missing_lines": [19, 20, 21, 23], "excluded_lines": [], "start_line": 13}, "GovernanceApiClient.get": {"executed_lines": [], "summary": {"covered_lines": 0, "num_statements": 1, "percent_covered": 0.0, "percent_covered_display": "0", "missing_lines": 1, "excluded_lines": 0, "percent_statements_covered": 0.0, "percent_statements_covered_display": "0"}, "missing_lines": [31], "excluded_lines": [], "start_line": 29}, "GovernanceApiClient.post": {"executed_lines": [], "summary": {"covered_lines": 0, "num_statements": 1, "percent_covered": 0.0, "percent_covered_display": "0", "missing_lines": 1, "excluded_lines": 0, "percent_statements_covered": 0.0, "percent_statements_covered_display": "0"}, "missing_lines": [40], "excluded_lines": [], "start_line": 33}, "GovernanceApiClient.put": {"executed_lines": [], "summary": {"covered_lines": 0, "num_statements": 1, "percent_covered": 0.0, "percent_covered_display": "0", "missing_lines": 1, "excluded_lines": 0, "percent_statements_covered": 0.0, "percent_statements_covered_display": "0"}, "missing_lines": [49], "excluded_lines": [], "start_line": 42}, "GovernanceApiClient.delete": {"executed_lines": [], "summary": {"covered_lines": 0, "num_statements": 1, "percent_covered": 0.0, "percent_covered_display": "0", "missing_lines": 1, "excluded_lines": 0, "percent_statements_covered": 0.0, "percent_statements_covered_display": "0"}, "missing_lines": [53], "excluded_lines": [], "start_line": 51}, "GovernanceApiClient.close": {"executed_lines": [], "summary": {"covered_lines": 0, "num_statements": 1, "percent_covered": 0.0, "percent_covered_display": "0", "missing_lines": 1, "excluded_lines": 0, "percent_statements_covered": 0.0, "percent_statements_covered_display": "0"}, "missing_lines": [57], "excluded_lines": [], "start_line": 55}, "": {"executed_lines": [3, 5, 7, 10, 13, 29, 33, 42, 51, 55], "summary": {"covered_lines": 10, "num_statements": 10, "percent_covered": 100.0, "percent_covered_display": "100", "missing_lines": 0, "excluded_lines": 0, "percent_statements_covered": 100.0, "percent_statements_covered_display": "100"}, "missing_lines": [], "excluded_lines": [], "start_line": 1}}, "classes": {"GovernanceApiClient": {"executed_lines": [], "summary": {"covered_lines": 0, "num_statements": 9, "percent_covered": 0.0, "percent_covered_display": "0", "missing_lines": 9, "excluded_lines": 0, "percent_statements_covered": 0.0, "percent_statements_covered_display": "0"}, "missing_lines": [19, 20, 21, 23, 31, 40, 49, 53, 57], "excluded_lines": [], "start_line": 10}, "": {"executed_lines": [3, 5, 7, 10, 13, 29, 33, 42, 51, 55], "summary": {"covered_lines": 10, "num_statements": 10, "percent_covered": 100.0, "percent_covered_display": "100", "missing_lines": 0, "excluded_lines": 0, "percent_statements_covered": 100.0, "percent_statements_covered_display": "100"}, "missing_lines": [], "excluded_lines": [], "start_line": 1}}}, "src/config/__init__.py": {"executed_lines": [], "summary": {"covered_lines": 0, "num_statements": 0, "percent_covered": 100.0, "percent_covered_display": "100", "missing_lines": 0, "excluded_lines": 0, "percent_statements_covered": 100.0, "percent_statements_covered_display": "100"}, "missing_lines": [], "excluded_lines": [], "functions": {"": {"executed_lines": [], "summary": {"covered_lines": 0, "num_statements": 0, "percent_covered": 100.0, "percent_covered_display": "100", "missing_lines": 0, "excluded_lines": 0, "percent_statements_covered": 100.0, "percent_statements_covered_display": "100"}, "missing_lines": [], "excluded_lines": [], "start_line": 1}}, "classes": {"": {"executed_lines": [], "summary": {"covered_lines": 0, "num_statements": 0, "percent_covered": 100.0, "percent_covered_display": "100", "missing_lines": 0, "excluded_lines": 0, "percent_statements_covered": 100.0, "percent_statements_covered_display": "100"}, "missing_lines": [], "excluded_lines": [], "start_line": 1}}}, "src/config/settings.py": {"executed_lines": [3, 4, 7, 10, 14, 18, 22, 27], "summary": {"covered_lines": 8, "num_statements": 8, "percent_covered": 100.0, "percent_covered_display": "100", "missing_lines": 0, "excluded_lines": 0, "percent_statements_covered": 100.0, "percent_statements_covered_display": "100"}, "missing_lines": [], "excluded_lines": [], "functions": {"": {"executed_lines": [3, 4, 7, 10, 14, 18, 22, 27], "summary": {"covered_lines": 8, "num_statements": 8, "percent_covered": 100.0, "percent_covered_display": "100", "missing_lines": 0, "excluded_lines": 0, "percent_statements_covered": 100.0, "percent_statements_covered_display": "100"}, "missing_lines": [], "excluded_lines": [], "start_line": 1}}, "classes": {"Settings": {"executed_lines": [], "summary": {"covered_lines": 0, "num_statements": 0, "percent_covered": 100.0, "percent_covered_display": "100", "missing_lines": 0, "excluded_lines": 0, "percent_statements_covered": 100.0, "percent_statements_covered_display": "100"}, "missing_lines": [], "excluded_lines": [], "start_line": 7}, "": {"executed_lines": [3, 4, 7, 10, 14, 18, 22, 27], "summary": {"covered_lines": 8, "num_statements": 8, "percent_covered": 100.0, "percent_covered_display": "100", "missing_lines": 0, "excluded_lines": 0, "percent_statements_covered": 100.0, "percent_statements_covered_display": "100"}, "missing_lines": [], "excluded_lines": [], "start_line": 1}}}, "src/server/__init__.py": {"executed_lines": [], "summary": {"covered_lines": 0, "num_statements": 0, "percent_covered": 100.0, "percent_covered_display": "100", "missing_lines": 0, "excluded_lines": 0, "percent_statements_covered": 100.0, "percent_statements_covered_display": "100"}, "missing_lines": [], "excluded_lines": [], "functions": {"": {"executed_lines": [], "summary": {"covered_lines": 0, "num_statements": 0, "percent_covered": 100.0, "percent_covered_display": "100", "missing_lines": 0, "excluded_lines": 0, "percent_statements_covered": 100.0, "percent_statements_covered_display": "100"}, "missing_lines": [], "excluded_lines": [], "start_line": 1}}, "classes": {"": {"executed_lines": [], "summary": {"covered_lines": 0, "num_statements": 0, "percent_covered": 100.0, "percent_covered_display": "100", "missing_lines": 0, "excluded_lines": 0, "percent_statements_covered": 100.0, "percent_statements_covered_display": "100"}, "missing_lines": [], "excluded_lines": [], "start_line": 1}}}, "src/server/mcp_server.py": {"executed_lines": [3, 4, 5, 6, 8, 9, 11, 12, 14, 18, 20, 21, 24, 25, 27, 140, 141, 143, 144, 146, 147, 148, 149, 150, 152, 154, 156, 158, 160, 163, 174, 175, 176, 189, 202, 208], "summary": {"covered_lines": 36, "num_statements": 49, "percent_covered": 73.46938775510205, "percent_covered_display": "73", "missing_lines": 13, "excluded_lines": 0, "percent_statements_covered": 73.46938775510205, "percent_statements_covered_display": "73"}, "missing_lines": [151, 153, 155, 157, 159, 161, 191, 193, 194, 195, 204, 205, 209], "excluded_lines": [], "functions": {"list_tools": {"executed_lines": [27], "summary": {"covered_lines": 1, "num_statements": 1, "percent_covered": 100.0, "percent_covered_display": "100", "missing_lines": 0, "excluded_lines": 0, "percent_statements_covered": 100.0, "percent_statements_covered_display": "100"}, "missing_lines": [], "excluded_lines": [], "start_line": 25}, "call_tool": {"executed_lines": [143, 144, 146, 147, 148, 149, 150, 152, 154, 156, 158, 160, 163, 174, 175, 176], "summary": {"covered_lines": 16, "num_statements": 22, "percent_covered": 72.72727272727273, "percent_covered_display": "73", "missing_lines": 6, "excluded_lines": 0, "percent_statements_covered": 72.72727272727273, "percent_statements_covered_display": "73"}, "missing_lines": [151, 153, 155, 157, 159, 161], "excluded_lines": [], "start_line": 141}, "_run_server": {"executed_lines": [], "summary": {"covered_lines": 0, "num_statements": 4, "percent_covered": 0.0, "percent_covered_display": "0", "missing_lines": 4, "excluded_lines": 0, "percent_statements_covered": 0.0, "percent_statements_covered_display": "0"}, "missing_lines": [191, 193, 194, 195], "excluded_lines": [], "start_line": 189}, "main": {"executed_lines": [], "summary": {"covered_lines": 0, "num_statements": 2, "percent_covered": 0.0, "percent_covered_display": "0", "missing_lines": 2, "excluded_lines": 0, "percent_statements_covered": 0.0, "percent_statements_covered_display": "0"}, "missing_lines": [204, 205], "excluded_lines": [], "start_line": 202}, "": {"executed_lines": [3, 4, 5, 6, 8, 9, 11, 12, 14, 18, 20, 21, 24, 25, 140, 141, 189, 202, 208], "summary": {"covered_lines": 19, "num_statements": 20, "percent_covered": 95.0, "percent_covered_display": "95", "missing_lines": 1, "excluded_lines": 0, "percent_statements_covered": 95.0, "percent_statements_covered_display": "95"}, "missing_lines": [209], "excluded_lines": [], "start_line": 1}}, "classes": {"": {"executed_lines": [3, 4, 5, 6, 8, 9, 11, 12, 14, 18, 20, 21, 24, 25, 27, 140, 141, 143, 144, 146, 147, 148, 149, 150, 152, 154, 156, 158, 160, 163, 174, 175, 176, 189, 202, 208], "summary": {"covered_lines": 36, "num_statements": 49, "percent_covered": 73.46938775510205, "percent_covered_display": "73", "missing_lines": 13, "excluded_lines": 0, "percent_statements_covered": 73.46938775510205, "percent_statements_covered_display": "73"}, "missing_lines": [151, 153, 155, 157, 159, 161, 191, 193, 194, 195, 204, 205, 209], "excluded_lines": [], "start_line": 1}}}, "src/tools/__init__.py": {"executed_lines": [], "summary": {"covered_lines": 0, "num_statements": 0, "percent_covered": 100.0, "percent_covered_display": "100", "missing_lines": 0, "excluded_lines": 0, "percent_statements_covered": 100.0, "percent_statements_covered_display": "100"}, "missing_lines": [], "excluded_lines": [], "functions": {"": {"executed_lines": [], "summary": {"covered_lines": 0, "num_statements": 0, "percent_covered": 100.0, "percent_covered_display": "100", "missing_lines": 0, "excluded_lines": 0, "percent_statements_covered": 100.0, "percent_statements_covered_display": "100"}, "missing_lines": [], "excluded_lines": [], "start_line": 1}}, "classes": {"": {"executed_lines": [], "summary": {"covered_lines": 0, "num_statements": 0, "percent_covered": 100.0, "percent_covered_display": "100", "missing_lines": 0, "excluded_lines": 0, "percent_statements_covered": 100.0, "percent_statements_covered_display": "100"}, "missing_lines": [], "excluded_lines": [], "start_line": 1}}}, "src/tools/governance_tools.py": {"executed_lines": [3, 4, 5, 7, 9, 10, 12, 15, 16, 19, 20, 23, 31, 39, 45, 46, 47, 48, 49, 82, 91, 92, 93, 94, 95, 130, 136, 137, 138, 139, 140, 163, 176, 177, 178, 183, 184, 185, 208, 214, 215, 216, 217, 218, 241, 250, 251, 252, 253, 254, 289, 299, 300, 301, 305, 306, 307, 341, 350, 351, 352, 353, 354], "summary": {"covered_lines": 63, "num_statements": 107, "percent_covered": 58.87850467289719, "percent_covered_display": "59", "missing_lines": 44, "excluded_lines": 0, "percent_statements_covered": 58.87850467289719, "percent_statements_covered_display": "59"}, "missing_lines": [26, 27, 28, 34, 35, 36, 61, 72, 73, 74, 96, 97, 109, 120, 121, 122, 142, 153, 154, 155, 187, 198, 199, 200, 220, 231, 232, 233, 255, 256, 268, 279, 280, 281, 320, 331, 332, 333, 355, 356, 368, 379, 380, 381], "excluded_lines": [], "functions": {"_get_settings": {"executed_lines": [], "summary": {"covered_lines": 0, "num_statements": 3, "percent_covered": 0.0, "percent_covered_display": "0", "missing_lines": 3, "excluded_lines": 0, "percent_statements_covered": 0.0, "percent_statements_covered_display": "0"}, "missing_lines": [26, 27, 28], "excluded_lines": [], "start_line": 23}, "_get_api_client": {"executed_lines": [], "summary": {"covered_lines": 0, "num_statements": 3, "percent_covered": 0.0, "percent_covered_display": "0", "missing_lines": 3, "excluded_lines": 0, "percent_statements_covered": 0.0, "percent_statements_covered_display": "0"}, "missing_lines": [34, 35, 36], "excluded_lines": [], "start_line": 31}, "governance_health_check": {"executed_lines": [45, 46, 47, 48, 49], "summary": {"covered_lines": 5, "num_statements": 9, "percent_covered": 55.55555555555556, "percent_covered_display": "56", "missing_lines": 4, "excluded_lines": 0, "percent_statements_covered": 55.55555555555556, "percent_statements_covered_display": "56"}, "missing_lines": [61, 72, 73, 74], "excluded_lines": [], "start_line": 39}, "governance_get_policy": {"executed_lines": [91, 92, 93, 94, 95], "summary": {"covered_lines": 5, "num_statements": 11, "percent_covered": 45.45454545454545, "percent_covered_display": "45", "missing_lines": 6, "excluded_lines": 0, "percent_statements_covered": 45.45454545454545, "percent_statements_covered_display": "45"}, "missing_lines": [96, 97, 109, 120, 121, 122], "excluded_lines": [], "start_line": 82}, "governance_list_policies": {"executed_lines": [136, 137, 138, 139, 140], "summary": {"covered_lines": 5, "num_statements": 9, "percent_covered": 55.55555555555556, "percent_covered_display": "56", "missing_lines": 4, "excluded_lines": 0, "percent_statements_covered": 55.55555555555556, "percent_statements_covered_display": "56"}, "missing_lines": [142, 153, 154, 155], "excluded_lines": [], "start_line": 130}, "governance_check_access": {"executed_lines": [176, 177, 178, 183, 184, 185], "summary": {"covered_lines": 6, "num_statements": 10, "percent_covered": 60.0, "percent_covered_display": "60", "missing_lines": 4, "excluded_lines": 0, "percent_statements_covered": 60.0, "percent_statements_covered_display": "60"}, "missing_lines": [187, 198, 199, 200], "excluded_lines": [], "start_line": 163}, "governance_list_permissions": {"executed_lines": [214, 215, 216, 217, 218], "summary": {"covered_lines": 5, "num_statements": 9, "percent_covered": 55.55555555555556, "percent_covered_display": "56", "missing_lines": 4, "excluded_lines": 0, "percent_statements_covered": 55.55555555555556, "percent_statements_covered_display": "56"}, "missing_lines": [220, 231, 232, 233], "excluded_lines": [], "start_line": 208}, "governance_get_user_permissions": {"executed_lines": [250, 251, 252, 253, 254], "summary": {"covered_lines": 5, "num_statements": 11, "percent_covered": 45.45454545454545, "percent_covered_display": "45", "missing_lines": 6, "excluded_lines": 0, "percent_statements_covered": 45.45454545454545, "percent_statements_covered_display": "45"}, "missing_lines": [255, 256, 268, 279, 280, 281], "excluded_lines": [], "start_line": 241}, "governance_update_rls": {"executed_lines": [299, 300, 301, 305, 306, 307], "summary": {"covered_lines": 6, "num_statements": 10, "percent_covered": 60.0, "percent_covered_display": "60", "missing_lines": 4, "excluded_lines": 0, "percent_statements_covered": 60.0, "percent_statements_covered_display": "60"}, "missing_lines": [320, 331, 332, 333], "excluded_lines": [], "start_line": 289}, "governance_get_rls": {"executed_lines": [350, 351, 352, 353, 354], "summary": {"covered_lines": 5, "num_statements": 11, "percent_covered": 45.45454545454545, "percent_covered_display": "45", "missing_lines": 6, "excluded_lines": 0, "percent_statements_covered": 45.45454545454545, "percent_statements_covered_display": "45"}, "missing_lines": [355, 356, 368, 379, 380, 381], "excluded_lines": [], "start_line": 341}, "": {"executed_lines": [3, 4, 5, 7, 9, 10, 12, 15, 16, 19, 20, 23, 31, 39, 82, 130, 163, 208, 241, 289, 341], "summary": {"covered_lines": 21, "num_statements": 21, "percent_covered": 100.0, "percent_covered_display": "100", "missing_lines": 0, "excluded_lines": 0, "percent_statements_covered": 100.0, "percent_statements_covered_display": "100"}, "missing_lines": [], "excluded_lines": [], "start_line": 1}}, "classes": {"": {"executed_lines": [3, 4, 5, 7, 9, 10, 12, 15, 16, 19, 20, 23, 31, 39, 45, 46, 47, 48, 49, 82, 91, 92, 93, 94, 95, 130, 136, 137, 138, 139, 140, 163, 176, 177, 178, 183, 184, 185, 208, 214, 215, 216, 217, 218, 241, 250, 251, 252, 253, 254, 289, 299, 300, 301, 305, 306, 307, 341, 350, 351, 352, 353, 354], "summary": {"covered_lines": 63, "num_statements": 107, "percent_covered": 58.87850467289719, "percent_covered_display": "59", "missing_lines": 44, "excluded_lines": 0, "percent_statements_covered": 58.87850467289719, "percent_statements_covered_display": "59"}, "missing_lines": [26, 27, 28, 34, 35, 36, 61, 72, 73, 74, 96, 97, 109, 120, 121, 122, 142, 153, 154, 155, 187, 198, 199, 200, 220, 231, 232, 233, 255, 256, 268, 279, 280, 281, 320, 331, 332, 333, 355, 356, 368, 379, 380, 381], "excluded_lines": [], "start_line": 1}}}}, "totals": {"covered_lines": 117, "num_statements": 183, "percent_covered": 63.9344262295082, "percent_covered_display": "64", "missing_lines": 66, "excluded_lines": 0, "percent_statements_covered": 63.9344262295082, "percent_statements_covered_display": "64"}}