{"meta": {"format": 3, "version": "7.13.5", "timestamp": "2026-05-09T19:29:45.505030", "branch_coverage": false, "show_contexts": false}, "files": {"src/__init__.py": {"executed_lines": [], "summary": {"covered_lines": 0, "num_statements": 0, "percent_covered": 100.0, "percent_covered_display": "100", "missing_lines": 0, "excluded_lines": 0, "percent_statements_covered": 100.0, "percent_statements_covered_display": "100"}, "missing_lines": [], "excluded_lines": [], "functions": {"": {"executed_lines": [], "summary": {"covered_lines": 0, "num_statements": 0, "percent_covered": 100.0, "percent_covered_display": "100", "missing_lines": 0, "excluded_lines": 0, "percent_statements_covered": 100.0, "percent_statements_covered_display": "100"}, "missing_lines": [], "excluded_lines": [], "start_line": 1}}, "classes": {"": {"executed_lines": [], "summary": {"covered_lines": 0, "num_statements": 0, "percent_covered": 100.0, "percent_covered_display": "100", "missing_lines": 0, "excluded_lines": 0, "percent_statements_covered": 100.0, "percent_statements_covered_display": "100"}, "missing_lines": [], "excluded_lines": [], "start_line": 1}}}, "src/config/__init__.py": {"executed_lines": [], "summary": {"covered_lines": 0, "num_statements": 0, "percent_covered": 100.0, "percent_covered_display": "100", "missing_lines": 0, "excluded_lines": 0, "percent_statements_covered": 100.0, "percent_statements_covered_display": "100"}, "missing_lines": [], "excluded_lines": [], "functions": {"": {"executed_lines": [], "summary": {"covered_lines": 0, "num_statements": 0, "percent_covered": 100.0, "percent_covered_display": "100", "missing_lines": 0, "excluded_lines": 0, "percent_statements_covered": 100.0, "percent_statements_covered_display": "100"}, "missing_lines": [], "excluded_lines": [], "start_line": 1}}, "classes": {"": {"executed_lines": [], "summary": {"covered_lines": 0, "num_statements": 0, "percent_covered": 100.0, "percent_covered_display": "100", "missing_lines": 0, "excluded_lines": 0, "percent_statements_covered": 100.0, "percent_statements_covered_display": "100"}, "missing_lines": [], "excluded_lines": [], "start_line": 1}}}, "src/config/settings.py": {"executed_lines": [1, 3, 4, 6, 9, 10, 12, 13, 14, 15, 16, 17, 20, 21], "summary": {"covered_lines": 14, "num_statements": 15, "percent_covered": 93.33333333333333, "percent_covered_display": "93", "missing_lines": 1, "excluded_lines": 0, "percent_statements_covered": 93.33333333333333, "percent_statements_covered_display": "93"}, "missing_lines": [22], "excluded_lines": [], "functions": {"get_settings": {"executed_lines": [], "summary": {"covered_lines": 0, "num_statements": 1, "percent_covered": 0.0, "percent_covered_display": "0", "missing_lines": 1, "excluded_lines": 0, "percent_statements_covered": 0.0, "percent_statements_covered_display": "0"}, "missing_lines": [22], "excluded_lines": [], "start_line": 21}, "": {"executed_lines": [1, 3, 4, 6, 9, 10, 12, 13, 14, 15, 16, 17, 20, 21], "summary": {"covered_lines": 14, "num_statements": 14, "percent_covered": 100.0, "percent_covered_display": "100", "missing_lines": 0, "excluded_lines": 0, "percent_statements_covered": 100.0, "percent_statements_covered_display": "100"}, "missing_lines": [], "excluded_lines": [], "start_line": 1}}, "classes": {"DocsSettings": {"executed_lines": [], "summary": {"covered_lines": 0, "num_statements": 0, "percent_covered": 100.0, "percent_covered_display": "100", "missing_lines": 0, "excluded_lines": 0, "percent_statements_covered": 100.0, "percent_statements_covered_display": "100"}, "missing_lines": [], "excluded_lines": [], "start_line": 9}, "": {"executed_lines": [1, 3, 4, 6, 9, 10, 12, 13, 14, 15, 16, 17, 20, 21], "summary": {"covered_lines": 14, "num_statements": 15, "percent_covered": 93.33333333333333, "percent_covered_display": "93", "missing_lines": 1, "excluded_lines": 0, "percent_statements_covered": 93.33333333333333, "percent_statements_covered_display": "93"}, "missing_lines": [22], "excluded_lines": [], "start_line": 1}}}, "src/db/__init__.py": {"executed_lines": [], "summary": {"covered_lines": 0, "num_statements": 0, "percent_covered": 100.0, "percent_covered_display": "100", "missing_lines": 0, "excluded_lines": 0, "percent_statements_covered": 100.0, "percent_statements_covered_display": "100"}, "missing_lines": [], "excluded_lines": [], "functions": {"": {"executed_lines": [], "summary": {"covered_lines": 0, "num_statements": 0, "percent_covered": 100.0, "percent_covered_display": "100", "missing_lines": 0, "excluded_lines": 0, "percent_statements_covered": 100.0, "percent_statements_covered_display": "100"}, "missing_lines": [], "excluded_lines": [], "start_line": 1}}, "classes": {"": {"executed_lines": [], "summary": {"covered_lines": 0, "num_statements": 0, "percent_covered": 100.0, "percent_covered_display": "100", "missing_lines": 0, "excluded_lines": 0, "percent_statements_covered": 100.0, "percent_statements_covered_display": "100"}, "missing_lines": [], "excluded_lines": [], "start_line": 1}}}, "src/db/store.py": {"executed_lines": [1, 3, 4, 5, 6, 7, 8, 11, 12, 15, 16, 17, 19, 20, 21, 22, 23, 25, 26, 53, 62, 63, 77, 79, 84, 85, 86, 87, 88, 89, 90, 91, 92, 93, 102, 112, 113, 126, 134, 135, 136, 140, 142, 143], "summary": {"covered_lines": 44, "num_statements": 48, "percent_covered": 91.66666666666667, "percent_covered_display": "92", "missing_lines": 4, "excluded_lines": 0, "percent_statements_covered": 91.66666666666667, "percent_statements_covered_display": "92"}, "missing_lines": [18, 127, 128, 132], "excluded_lines": [], "functions": {"_now": {"executed_lines": [12], "summary": {"covered_lines": 1, "num_statements": 1, "percent_covered": 100.0, "percent_covered_display": "100", "missing_lines": 0, "excluded_lines": 0, "percent_statements_covered": 100.0, "percent_statements_covered_display": "100"}, "missing_lines": [], "excluded_lines": [], "start_line": 11}, "DocsStore.__init__": {"executed_lines": [17, 19, 20, 21, 22, 23], "summary": {"covered_lines": 6, "num_statements": 7, "percent_covered": 85.71428571428571, "percent_covered_display": "86", "missing_lines": 1, "excluded_lines": 0, "percent_statements_covered": 85.71428571428571, "percent_statements_covered_display": "86"}, "missing_lines": [18], "excluded_lines": [], "start_line": 16}, "DocsStore._migrate": {"executed_lines": [26], "summary": {"covered_lines": 1, "num_statements": 1, "percent_covered": 100.0, "percent_covered_display": "100", "missing_lines": 0, "excluded_lines": 0, "percent_statements_covered": 100.0, "percent_statements_covered_display": "100"}, "missing_lines": [], "excluded_lines": [], "start_line": 25}, "DocsStore.save_audit": {"executed_lines": [62, 63, 77], "summary": {"covered_lines": 3, "num_statements": 3, "percent_covered": 100.0, "percent_covered_display": "100", "missing_lines": 0, "excluded_lines": 0, "percent_statements_covered": 100.0, "percent_statements_covered_display": "100"}, "missing_lines": [], "excluded_lines": [], "start_line": 53}, "DocsStore.list_audits": {"executed_lines": [84, 85, 86, 87, 88, 89, 90, 91, 92, 93], "summary": {"covered_lines": 10, "num_statements": 10, "percent_covered": 100.0, "percent_covered_display": "100", "missing_lines": 0, "excluded_lines": 0, "percent_statements_covered": 100.0, "percent_statements_covered_display": "100"}, "missing_lines": [], "excluded_lines": [], "start_line": 79}, "DocsStore.upsert_doc_index": {"executed_lines": [112, 113], "summary": {"covered_lines": 2, "num_statements": 2, "percent_covered": 100.0, "percent_covered_display": "100", "missing_lines": 0, "excluded_lines": 0, "percent_statements_covered": 100.0, "percent_statements_covered_display": "100"}, "missing_lines": [], "excluded_lines": [], "start_line": 102}, "DocsStore.search_index": {"executed_lines": [], "summary": {"covered_lines": 0, "num_statements": 3, "percent_covered": 0.0, "percent_covered_display": "0", "missing_lines": 3, "excluded_lines": 0, "percent_statements_covered": 0.0, "percent_statements_covered_display": "0"}, "missing_lines": [127, 128, 132], "excluded_lines": [], "start_line": 126}, "DocsStore.get_index": {"executed_lines": [135, 136, 140], "summary": {"covered_lines": 3, "num_statements": 3, "percent_covered": 100.0, "percent_covered_display": "100", "missing_lines": 0, "excluded_lines": 0, "percent_statements_covered": 100.0, "percent_statements_covered_display": "100"}, "missing_lines": [], "excluded_lines": [], "start_line": 134}, "DocsStore.close": {"executed_lines": [143], "summary": {"covered_lines": 1, "num_statements": 1, "percent_covered": 100.0, "percent_covered_display": "100", "missing_lines": 0, "excluded_lines": 0, "percent_statements_covered": 100.0, "percent_statements_covered_display": "100"}, "missing_lines": [], "excluded_lines": [], "start_line": 142}, "": {"executed_lines": [1, 3, 4, 5, 6, 7, 8, 11, 15, 16, 25, 53, 79, 102, 126, 134, 142], "summary": {"covered_lines": 17, "num_statements": 17, "percent_covered": 100.0, "percent_covered_display": "100", "missing_lines": 0, "excluded_lines": 0, "percent_statements_covered": 100.0, "percent_statements_covered_display": "100"}, "missing_lines": [], "excluded_lines": [], "start_line": 1}}, "classes": {"DocsStore": {"executed_lines": [17, 19, 20, 21, 22, 23, 26, 62, 63, 77, 84, 85, 86, 87, 88, 89, 90, 91, 92, 93, 112, 113, 135, 136, 140, 143], "summary": {"covered_lines": 26, "num_statements": 30, "percent_covered": 86.66666666666667, "percent_covered_display": "87", "missing_lines": 4, "excluded_lines": 0, "percent_statements_covered": 86.66666666666667, "percent_statements_covered_display": "87"}, "missing_lines": [18, 127, 128, 132], "excluded_lines": [], "start_line": 15}, "": {"executed_lines": [1, 3, 4, 5, 6, 7, 8, 11, 12, 15, 16, 25, 53, 79, 102, 126, 134, 142], "summary": {"covered_lines": 18, "num_statements": 18, "percent_covered": 100.0, "percent_covered_display": "100", "missing_lines": 0, "excluded_lines": 0, "percent_statements_covered": 100.0, "percent_statements_covered_display": "100"}, "missing_lines": [], "excluded_lines": [], "start_line": 1}}}, "src/knowledge/__init__.py": {"executed_lines": [], "summary": {"covered_lines": 0, "num_statements": 0, "percent_covered": 100.0, "percent_covered_display": "100", "missing_lines": 0, "excluded_lines": 0, "percent_statements_covered": 100.0, "percent_statements_covered_display": "100"}, "missing_lines": [], "excluded_lines": [], "functions": {"": {"executed_lines": [], "summary": {"covered_lines": 0, "num_statements": 0, "percent_covered": 100.0, "percent_covered_display": "100", "missing_lines": 0, "excluded_lines": 0, "percent_statements_covered": 100.0, "percent_statements_covered_display": "100"}, "missing_lines": [], "excluded_lines": [], "start_line": 1}}, "classes": {"": {"executed_lines": [], "summary": {"covered_lines": 0, "num_statements": 0, "percent_covered": 100.0, "percent_covered_display": "100", "missing_lines": 0, "excluded_lines": 0, "percent_statements_covered": 100.0, "percent_statements_covered_display": "100"}, "missing_lines": [], "excluded_lines": [], "start_line": 1}}}, "src/knowledge/standards.py": {"executed_lines": [1, 4, 14, 47], "summary": {"covered_lines": 4, "num_statements": 4, "percent_covered": 100.0, "percent_covered_display": "100", "missing_lines": 0, "excluded_lines": 0, "percent_statements_covered": 100.0, "percent_statements_covered_display": "100"}, "missing_lines": [], "excluded_lines": [], "functions": {"": {"executed_lines": [1, 4, 14, 47], "summary": {"covered_lines": 4, "num_statements": 4, "percent_covered": 100.0, "percent_covered_display": "100", "missing_lines": 0, "excluded_lines": 0, "percent_statements_covered": 100.0, "percent_statements_covered_display": "100"}, "missing_lines": [], "excluded_lines": [], "start_line": 1}}, "classes": {"": {"executed_lines": [1, 4, 14, 47], "summary": {"covered_lines": 4, "num_statements": 4, "percent_covered": 100.0, "percent_covered_display": "100", "missing_lines": 0, "excluded_lines": 0, "percent_statements_covered": 100.0, "percent_statements_covered_display": "100"}, "missing_lines": [], "excluded_lines": [], "start_line": 1}}}, "src/server/__init__.py": {"executed_lines": [], "summary": {"covered_lines": 0, "num_statements": 0, "percent_covered": 100.0, "percent_covered_display": "100", "missing_lines": 0, "excluded_lines": 0, "percent_statements_covered": 100.0, "percent_statements_covered_display": "100"}, "missing_lines": [], "excluded_lines": [], "functions": {"": {"executed_lines": [], "summary": {"covered_lines": 0, "num_statements": 0, "percent_covered": 100.0, "percent_covered_display": "100", "missing_lines": 0, "excluded_lines": 0, "percent_statements_covered": 100.0, "percent_statements_covered_display": "100"}, "missing_lines": [], "excluded_lines": [], "start_line": 1}}, "classes": {"": {"executed_lines": [], "summary": {"covered_lines": 0, "num_statements": 0, "percent_covered": 100.0, "percent_covered_display": "100", "missing_lines": 0, "excluded_lines": 0, "percent_statements_covered": 100.0, "percent_statements_covered_display": "100"}, "missing_lines": [], "excluded_lines": [], "start_line": 1}}}, "src/server/mcp_server.py": {"executed_lines": [3, 5, 6, 7, 9, 10, 11, 13, 14, 15, 16, 17, 18, 19, 29, 323, 340, 348, 381, 388, 389, 396, 397, 405, 412, 413, 419, 426, 427, 433, 440, 441, 442, 443, 451, 459, 466, 473, 474, 480, 486, 489, 499, 503], "summary": {"covered_lines": 44, "num_statements": 73, "percent_covered": 60.273972602739725, "percent_covered_display": "60", "missing_lines": 29, "excluded_lines": 0, "percent_statements_covered": 60.273972602739725, "percent_statements_covered_display": "60"}, "missing_lines": [349, 350, 351, 353, 354, 355, 364, 365, 368, 369, 370, 371, 372, 373, 374, 376, 378, 406, 420, 434, 452, 460, 467, 481, 490, 491, 492, 500, 504], "excluded_lines": [], "functions": {"build_server": {"executed_lines": [], "summary": {"covered_lines": 0, "num_statements": 8, "percent_covered": 0.0, "percent_covered_display": "0", "missing_lines": 8, "excluded_lines": 0, "percent_statements_covered": 0.0, "percent_statements_covered_display": "0"}, "missing_lines": [349, 350, 351, 353, 354, 364, 365, 378], "excluded_lines": [], "start_line": 348}, "build_server.list_tools": {"executed_lines": [], "summary": {"covered_lines": 0, "num_statements": 1, "percent_covered": 0.0, "percent_covered_display": "0", "missing_lines": 1, "excluded_lines": 0, "percent_statements_covered": 0.0, "percent_statements_covered_display": "0"}, "missing_lines": [355], "excluded_lines": [], "start_line": 354}, "build_server.call_tool": {"executed_lines": [], "summary": {"covered_lines": 0, "num_statements": 8, "percent_covered": 0.0, "percent_covered_display": "0", "missing_lines": 8, "excluded_lines": 0, "percent_statements_covered": 0.0, "percent_statements_covered_display": "0"}, "missing_lines": [368, 369, 370, 371, 372, 373, 374, 376], "excluded_lines": [], "start_line": 365}, "_dispatch": {"executed_lines": [388, 389, 396, 397, 405, 412, 413, 419, 426, 427, 433, 440, 441, 442, 443, 451, 459, 466, 473, 474, 480, 486], "summary": {"covered_lines": 22, "num_statements": 29, "percent_covered": 75.86206896551724, "percent_covered_display": "76", "missing_lines": 7, "excluded_lines": 0, "percent_statements_covered": 75.86206896551724, "percent_statements_covered_display": "76"}, "missing_lines": [406, 420, 434, 452, 460, 467, 481], "excluded_lines": [], "start_line": 381}, "_run": {"executed_lines": [], "summary": {"covered_lines": 0, "num_statements": 3, "percent_covered": 0.0, "percent_covered_display": "0", "missing_lines": 3, "excluded_lines": 0, "percent_statements_covered": 0.0, "percent_statements_covered_display": "0"}, "missing_lines": [490, 491, 492], "excluded_lines": [], "start_line": 489}, "main": {"executed_lines": [], "summary": {"covered_lines": 0, "num_statements": 1, "percent_covered": 0.0, "percent_covered_display": "0", "missing_lines": 1, "excluded_lines": 0, "percent_statements_covered": 0.0, "percent_statements_covered_display": "0"}, "missing_lines": [500], "excluded_lines": [], "start_line": 499}, "": {"executed_lines": [3, 5, 6, 7, 9, 10, 11, 13, 14, 15, 16, 17, 18, 19, 29, 323, 340, 348, 381, 489, 499, 503], "summary": {"covered_lines": 22, "num_statements": 23, "percent_covered": 95.65217391304348, "percent_covered_display": "96", "missing_lines": 1, "excluded_lines": 0, "percent_statements_covered": 95.65217391304348, "percent_statements_covered_display": "96"}, "missing_lines": [504], "excluded_lines": [], "start_line": 1}}, "classes": {"": {"executed_lines": [3, 5, 6, 7, 9, 10, 11, 13, 14, 15, 16, 17, 18, 19, 29, 323, 340, 348, 381, 388, 389, 396, 397, 405, 412, 413, 419, 426, 427, 433, 440, 441, 442, 443, 451, 459, 466, 473, 474, 480, 486, 489, 499, 503], "summary": {"covered_lines": 44, "num_statements": 73, "percent_covered": 60.273972602739725, "percent_covered_display": "60", "missing_lines": 29, "excluded_lines": 0, "percent_statements_covered": 60.273972602739725, "percent_statements_covered_display": "60"}, "missing_lines": [349, 350, 351, 353, 354, 355, 364, 365, 368, 369, 370, 371, 372, 373, 374, 376, 378, 406, 420, 434, 452, 460, 467, 481, 490, 491, 492, 500, 504], "excluded_lines": [], "start_line": 1}}}, "src/tools/__init__.py": {"executed_lines": [], "summary": {"covered_lines": 0, "num_statements": 0, "percent_covered": 100.0, "percent_covered_display": "100", "missing_lines": 0, "excluded_lines": 0, "percent_statements_covered": 100.0, "percent_statements_covered_display": "100"}, "missing_lines": [], "excluded_lines": [], "functions": {"": {"executed_lines": [], "summary": {"covered_lines": 0, "num_statements": 0, "percent_covered": 100.0, "percent_covered_display": "100", "missing_lines": 0, "excluded_lines": 0, "percent_statements_covered": 100.0, "percent_statements_covered_display": "100"}, "missing_lines": [], "excluded_lines": [], "start_line": 1}}, "classes": {"": {"executed_lines": [], "summary": {"covered_lines": 0, "num_statements": 0, "percent_covered": 100.0, "percent_covered_display": "100", "missing_lines": 0, "excluded_lines": 0, "percent_statements_covered": 100.0, "percent_statements_covered_display": "100"}, "missing_lines": [], "excluded_lines": [], "start_line": 1}}}, "src/tools/audit_tool.py": {"executed_lines": [1, 3, 4, 5, 6, 7, 8, 10, 11, 14, 15, 18, 23, 24, 31, 32, 34, 41, 51, 58, 59, 66, 67, 68, 70, 71, 73, 74, 75, 77, 80, 83, 84, 85, 86, 89, 90, 91, 95, 96, 98, 99, 100, 101, 110, 112, 121, 131, 138, 139, 146, 149, 150, 153, 154, 157, 158, 161, 164, 165, 168, 169, 172, 175, 178, 183, 186, 187, 190, 193, 202, 204, 206, 212, 218, 227, 243, 253, 254, 270, 279, 287, 289, 291, 292, 294, 296, 303, 304, 305, 306, 309, 310, 311, 312, 313, 314, 319, 320, 323, 324, 325, 326, 327, 330, 331, 337, 342, 343, 345, 348, 349, 353, 360, 361, 367, 375], "summary": {"covered_lines": 117, "num_statements": 155, "percent_covered": 75.48387096774194, "percent_covered_display": "75", "missing_lines": 38, "excluded_lines": 0, "percent_statements_covered": 75.48387096774194, "percent_statements_covered_display": "75"}, "missing_lines": [33, 35, 36, 37, 38, 52, 60, 76, 78, 92, 93, 132, 140, 151, 159, 166, 173, 188, 189, 191, 192, 194, 195, 196, 197, 280, 293, 297, 315, 316, 318, 332, 333, 335, 338, 350, 354, 368], "excluded_lines": [], "functions": {"_now": {"executed_lines": [15], "summary": {"covered_lines": 1, "num_statements": 1, "percent_covered": 100.0, "percent_covered_display": "100", "missing_lines": 0, "excluded_lines": 0, "percent_statements_covered": 100.0, "percent_statements_covered_display": "100"}, "missing_lines": [], "excluded_lines": [], "start_line": 14}, "_run_git_log_timestamp": {"executed_lines": [23, 24, 31, 32, 34], "summary": {"covered_lines": 5, "num_statements": 10, "percent_covered": 50.0, "percent_covered_display": "50", "missing_lines": 5, "excluded_lines": 0, "percent_statements_covered": 50.0, "percent_statements_covered_display": "50"}, "missing_lines": [33, 35, 36, 37, 38], "excluded_lines": [], "start_line": 18}, "find_stale_docs": {"executed_lines": [51, 58, 59, 66, 67, 68, 70, 71, 73, 74, 75, 77, 80, 83, 84, 85, 86, 89, 90, 91, 95, 96, 98, 99, 100, 101, 110, 112], "summary": {"covered_lines": 28, "num_statements": 34, "percent_covered": 82.3529411764706, "percent_covered_display": "82", "missing_lines": 6, "excluded_lines": 0, "percent_statements_covered": 82.3529411764706, "percent_statements_covered_display": "82"}, "missing_lines": [52, 60, 76, 78, 92, 93], "excluded_lines": [], "start_line": 41}, "audit_repo": {"executed_lines": [131, 138, 139, 146, 149, 150, 153, 154, 157, 158, 161, 164, 165, 168, 169, 172, 175, 178, 183, 186, 187, 190, 193, 202, 204, 206, 212, 218, 227], "summary": {"covered_lines": 29, "num_statements": 43, "percent_covered": 67.44186046511628, "percent_covered_display": "67", "missing_lines": 14, "excluded_lines": 0, "percent_statements_covered": 67.44186046511628, "percent_statements_covered_display": "67"}, "missing_lines": [132, 140, 151, 159, 166, 173, 188, 189, 191, 192, 194, 195, 196, 197], "excluded_lines": [], "start_line": 121}, "get_audit_history": {"executed_lines": [253, 254], "summary": {"covered_lines": 2, "num_statements": 2, "percent_covered": 100.0, "percent_covered_display": "100", "missing_lines": 0, "excluded_lines": 0, "percent_statements_covered": 100.0, "percent_statements_covered_display": "100"}, "missing_lines": [], "excluded_lines": [], "start_line": 243}, "generate_doc_report": {"executed_lines": [279, 287, 289, 291, 292, 294, 296, 303, 304, 305, 306, 309, 310, 311, 312, 313, 314, 319, 320, 323, 324, 325, 326, 327, 330, 331, 337, 342, 343, 345, 348, 349, 353, 360, 361, 367, 375], "summary": {"covered_lines": 37, "num_statements": 50, "percent_covered": 74.0, "percent_covered_display": "74", "missing_lines": 13, "excluded_lines": 0, "percent_statements_covered": 74.0, "percent_statements_covered_display": "74"}, "missing_lines": [280, 293, 297, 315, 316, 318, 332, 333, 335, 338, 350, 354, 368], "excluded_lines": [], "start_line": 270}, "": {"executed_lines": [1, 3, 4, 5, 6, 7, 8, 10, 11, 14, 18, 41, 121, 243, 270], "summary": {"covered_lines": 15, "num_statements": 15, "percent_covered": 100.0, "percent_covered_display": "100", "missing_lines": 0, "excluded_lines": 0, "percent_statements_covered": 100.0, "percent_statements_covered_display": "100"}, "missing_lines": [], "excluded_lines": [], "start_line": 1}}, "classes": {"": {"executed_lines": [1, 3, 4, 5, 6, 7, 8, 10, 11, 14, 15, 18, 23, 24, 31, 32, 34, 41, 51, 58, 59, 66, 67, 68, 70, 71, 73, 74, 75, 77, 80, 83, 84, 85, 86, 89, 90, 91, 95, 96, 98, 99, 100, 101, 110, 112, 121, 131, 138, 139, 146, 149, 150, 153, 154, 157, 158, 161, 164, 165, 168, 169, 172, 175, 178, 183, 186, 187, 190, 193, 202, 204, 206, 212, 218, 227, 243, 253, 254, 270, 279, 287, 289, 291, 292, 294, 296, 303, 304, 305, 306, 309, 310, 311, 312, 313, 314, 319, 320, 323, 324, 325, 326, 327, 330, 331, 337, 342, 343, 345, 348, 349, 353, 360, 361, 367, 375], "summary": {"covered_lines": 117, "num_statements": 155, "percent_covered": 75.48387096774194, "percent_covered_display": "75", "missing_lines": 38, "excluded_lines": 0, "percent_statements_covered": 75.48387096774194, "percent_statements_covered_display": "75"}, "missing_lines": [33, 35, 36, 37, 38, 52, 60, 76, 78, 92, 93, 132, 140, 151, 159, 166, 173, 188, 189, 191, 192, 194, 195, 196, 197, 280, 293, 297, 315, 316, 318, 332, 333, 335, 338, 350, 354, 368], "excluded_lines": [], "start_line": 1}}}, "src/tools/scan_tool.py": {"executed_lines": [1, 3, 4, 5, 6, 7, 9, 12, 14, 15, 17, 18, 19, 20, 21, 24, 26, 27, 28, 29, 33, 34, 37, 38, 41, 42, 43, 46, 57, 58, 64, 65, 66, 72, 73, 75, 76, 77, 79, 80, 81, 84, 85, 87, 88, 90, 92, 93, 97, 100, 101, 105, 106, 107, 108, 109, 110, 113, 123, 135, 137, 144, 156, 162, 163, 169, 170, 177, 178, 179, 181, 182, 184, 185, 186, 188, 189, 190, 192, 194, 195, 198, 201, 202, 206, 207, 208, 210, 211, 213, 214, 215, 216, 217, 220, 221, 223, 224, 225, 227, 235, 244, 251, 252, 259, 260, 261, 262, 263, 265, 266, 267, 269, 271, 272, 275, 278, 279, 283, 284, 285, 286, 288, 289, 290, 291, 296, 297, 298, 299, 300, 301, 302, 303, 309], "summary": {"covered_lines": 135, "num_statements": 164, "percent_covered": 82.3170731707317, "percent_covered_display": "82", "missing_lines": 29, "excluded_lines": 0, "percent_statements_covered": 82.3170731707317, "percent_statements_covered_display": "82"}, "missing_lines": [30, 82, 86, 89, 94, 95, 98, 102, 103, 157, 171, 191, 193, 196, 197, 199, 203, 204, 219, 245, 253, 268, 270, 273, 274, 276, 280, 281, 293], "excluded_lines": [], "functions": {"_detect_doc_type": {"executed_lines": [14, 15, 17, 18, 19, 20, 21], "summary": {"covered_lines": 7, "num_statements": 7, "percent_covered": 100.0, "percent_covered_display": "100", "missing_lines": 0, "excluded_lines": 0, "percent_statements_covered": 100.0, "percent_statements_covered_display": "100"}, "missing_lines": [], "excluded_lines": [], "start_line": 12}, "_extract_title": {"executed_lines": [26, 27, 28, 29], "summary": {"covered_lines": 4, "num_statements": 5, "percent_covered": 80.0, "percent_covered_display": "80", "missing_lines": 1, "excluded_lines": 0, "percent_statements_covered": 80.0, "percent_statements_covered_display": "80"}, "missing_lines": [30], "excluded_lines": [], "start_line": 24}, "_count_words": {"executed_lines": [34], "summary": {"covered_lines": 1, "num_statements": 1, "percent_covered": 100.0, "percent_covered_display": "100", "missing_lines": 0, "excluded_lines": 0, "percent_statements_covered": 100.0, "percent_statements_covered_display": "100"}, "missing_lines": [], "excluded_lines": [], "start_line": 33}, "_content_hash": {"executed_lines": [38], "summary": {"covered_lines": 1, "num_statements": 1, "percent_covered": 100.0, "percent_covered_display": "100", "missing_lines": 0, "excluded_lines": 0, "percent_statements_covered": 100.0, "percent_statements_covered_display": "100"}, "missing_lines": [], "excluded_lines": [], "start_line": 37}, "_last_modified_iso": {"executed_lines": [42, 43], "summary": {"covered_lines": 2, "num_statements": 2, "percent_covered": 100.0, "percent_covered_display": "100", "missing_lines": 0, "excluded_lines": 0, "percent_statements_covered": 100.0, "percent_statements_covered_display": "100"}, "missing_lines": [], "excluded_lines": [], "start_line": 41}, "scan_docs": {"executed_lines": [57, 58, 64, 65, 66, 72, 73, 75, 76, 77, 79, 80, 81, 84, 85, 87, 88, 90, 92, 93, 97, 100, 101, 105, 106, 107, 108, 109, 110, 113, 123, 135, 137], "summary": {"covered_lines": 33, "num_statements": 41, "percent_covered": 80.48780487804878, "percent_covered_display": "80", "missing_lines": 8, "excluded_lines": 0, "percent_statements_covered": 80.48780487804878, "percent_statements_covered_display": "80"}, "missing_lines": [82, 86, 89, 94, 95, 98, 102, 103], "excluded_lines": [], "start_line": 46}, "search_docs": {"executed_lines": [156, 162, 163, 169, 170, 177, 178, 179, 181, 182, 184, 185, 186, 188, 189, 190, 192, 194, 195, 198, 201, 202, 206, 207, 208, 210, 211, 213, 214, 215, 216, 217, 220, 221, 223, 224, 225, 227], "summary": {"covered_lines": 38, "num_statements": 48, "percent_covered": 79.16666666666667, "percent_covered_display": "79", "missing_lines": 10, "excluded_lines": 0, "percent_statements_covered": 79.16666666666667, "percent_statements_covered_display": "79"}, "missing_lines": [157, 171, 191, 193, 196, 197, 199, 203, 204, 219], "excluded_lines": [], "start_line": 144}, "get_doc_tree": {"executed_lines": [244, 251, 252, 259, 260, 261, 262, 263, 265, 266, 267, 269, 271, 272, 275, 278, 279, 283, 284, 285, 286, 288, 289, 290, 291, 296, 297, 298, 299, 300, 301, 302, 303, 309], "summary": {"covered_lines": 34, "num_statements": 44, "percent_covered": 77.27272727272727, "percent_covered_display": "77", "missing_lines": 10, "excluded_lines": 0, "percent_statements_covered": 77.27272727272727, "percent_statements_covered_display": "77"}, "missing_lines": [245, 253, 268, 270, 273, 274, 276, 280, 281, 293], "excluded_lines": [], "start_line": 235}, "": {"executed_lines": [1, 3, 4, 5, 6, 7, 9, 12, 24, 33, 37, 41, 46, 144, 235], "summary": {"covered_lines": 15, "num_statements": 15, "percent_covered": 100.0, "percent_covered_display": "100", "missing_lines": 0, "excluded_lines": 0, "percent_statements_covered": 100.0, "percent_statements_covered_display": "100"}, "missing_lines": [], "excluded_lines": [], "start_line": 1}}, "classes": {"": {"executed_lines": [1, 3, 4, 5, 6, 7, 9, 12, 14, 15, 17, 18, 19, 20, 21, 24, 26, 27, 28, 29, 33, 34, 37, 38, 41, 42, 43, 46, 57, 58, 64, 65, 66, 72, 73, 75, 76, 77, 79, 80, 81, 84, 85, 87, 88, 90, 92, 93, 97, 100, 101, 105, 106, 107, 108, 109, 110, 113, 123, 135, 137, 144, 156, 162, 163, 169, 170, 177, 178, 179, 181, 182, 184, 185, 186, 188, 189, 190, 192, 194, 195, 198, 201, 202, 206, 207, 208, 210, 211, 213, 214, 215, 216, 217, 220, 221, 223, 224, 225, 227, 235, 244, 251, 252, 259, 260, 261, 262, 263, 265, 266, 267, 269, 271, 272, 275, 278, 279, 283, 284, 285, 286, 288, 289, 290, 291, 296, 297, 298, 299, 300, 301, 302, 303, 309], "summary": {"covered_lines": 135, "num_statements": 164, "percent_covered": 82.3170731707317, "percent_covered_display": "82", "missing_lines": 29, "excluded_lines": 0, "percent_statements_covered": 82.3170731707317, "percent_statements_covered_display": "82"}, "missing_lines": [30, 82, 86, 89, 94, 95, 98, 102, 103, 157, 171, 191, 193, 196, 197, 199, 203, 204, 219, 245, 253, 268, 270, 273, 274, 276, 280, 281, 293], "excluded_lines": [], "start_line": 1}}}, "src/tools/standards_tool.py": {"executed_lines": [1, 3, 4, 6, 9, 10, 11, 12, 13, 14, 15, 16, 17, 21, 36, 43, 44, 45, 51, 52, 55, 56, 59, 60, 61, 62, 64, 65, 66, 67, 68, 70, 73, 74, 77, 78, 79, 80, 82, 84, 86, 87, 88, 90, 91, 92, 93, 103, 104, 105, 106, 109, 111, 112, 114, 115, 118, 119, 120, 122, 123, 124, 126, 127, 128, 130, 131, 133, 134, 136, 137, 147, 148, 150, 151, 152, 154, 156, 157, 160, 161, 162, 163, 166, 178, 183, 185], "summary": {"covered_lines": 87, "num_statements": 99, "percent_covered": 87.87878787878788, "percent_covered_display": "88", "missing_lines": 12, "excluded_lines": 0, "percent_statements_covered": 87.87878787878788, "percent_statements_covered_display": "88"}, "missing_lines": [18, 37, 57, 81, 83, 89, 94, 107, 125, 138, 167, 175], "excluded_lines": [], "functions": {"_grade": {"executed_lines": [10, 11, 12, 13, 14, 15, 16, 17], "summary": {"covered_lines": 8, "num_statements": 9, "percent_covered": 88.88888888888889, "percent_covered_display": "89", "missing_lines": 1, "excluded_lines": 0, "percent_statements_covered": 88.88888888888889, "percent_statements_covered_display": "89"}, "missing_lines": [18], "excluded_lines": [], "start_line": 9}, "check_doc_standards": {"executed_lines": [36, 43, 44, 45, 51, 52, 55, 56, 59, 60, 61, 62, 64, 65, 66, 67, 68, 70, 73, 74, 77, 78, 79, 80, 82, 84, 86, 87, 88, 90, 91, 92, 93, 103, 104, 105, 106, 109, 111, 112, 114, 115, 118, 119, 120, 122, 123, 124, 126, 127, 128, 130, 131, 133, 134, 136, 137, 147, 148, 150, 151, 152, 154, 156, 157, 160, 161, 162, 163, 166, 178, 183, 185], "summary": {"covered_lines": 73, "num_statements": 84, "percent_covered": 86.9047619047619, "percent_covered_display": "87", "missing_lines": 11, "excluded_lines": 0, "percent_statements_covered": 86.9047619047619, "percent_statements_covered_display": "87"}, "missing_lines": [37, 57, 81, 83, 89, 94, 107, 125, 138, 167, 175], "excluded_lines": [], "start_line": 21}, "": {"executed_lines": [1, 3, 4, 6, 9, 21], "summary": {"covered_lines": 6, "num_statements": 6, "percent_covered": 100.0, "percent_covered_display": "100", "missing_lines": 0, "excluded_lines": 0, "percent_statements_covered": 100.0, "percent_statements_covered_display": "100"}, "missing_lines": [], "excluded_lines": [], "start_line": 1}}, "classes": {"": {"executed_lines": [1, 3, 4, 6, 9, 10, 11, 12, 13, 14, 15, 16, 17, 21, 36, 43, 44, 45, 51, 52, 55, 56, 59, 60, 61, 62, 64, 65, 66, 67, 68, 70, 73, 74, 77, 78, 79, 80, 82, 84, 86, 87, 88, 90, 91, 92, 93, 103, 104, 105, 106, 109, 111, 112, 114, 115, 118, 119, 120, 122, 123, 124, 126, 127, 128, 130, 131, 133, 134, 136, 137, 147, 148, 150, 151, 152, 154, 156, 157, 160, 161, 162, 163, 166, 178, 183, 185], "summary": {"covered_lines": 87, "num_statements": 99, "percent_covered": 87.87878787878788, "percent_covered_display": "88", "missing_lines": 12, "excluded_lines": 0, "percent_statements_covered": 87.87878787878788, "percent_statements_covered_display": "88"}, "missing_lines": [18, 37, 57, 81, 83, 89, 94, 107, 125, 138, 167, 175], "excluded_lines": [], "start_line": 1}}}, "src/tools/template_tool.py": {"executed_lines": [1, 3, 4, 5, 7, 10, 65, 68, 72, 78, 89, 96, 97, 98, 99, 105, 106, 113, 114, 123, 124, 125, 128, 129, 130, 131, 132, 134, 136, 137, 138, 139, 140, 141, 142, 150], "summary": {"covered_lines": 36, "num_statements": 42, "percent_covered": 85.71428571428571, "percent_covered_display": "86", "missing_lines": 6, "excluded_lines": 0, "percent_statements_covered": 85.71428571428571, "percent_statements_covered_display": "86"}, "missing_lines": [90, 107, 115, 116, 143, 144], "excluded_lines": [], "functions": {"list_templates": {"executed_lines": [72], "summary": {"covered_lines": 1, "num_statements": 1, "percent_covered": 100.0, "percent_covered_display": "100", "missing_lines": 0, "excluded_lines": 0, "percent_statements_covered": 100.0, "percent_statements_covered_display": "100"}, "missing_lines": [], "excluded_lines": [], "start_line": 68}, "generate_doc": {"executed_lines": [89, 96, 97, 98, 99, 105, 106, 113, 114, 123, 124, 125, 128, 129, 130, 131, 132, 134, 136, 137, 138, 139, 140, 141, 142, 150], "summary": {"covered_lines": 26, "num_statements": 32, "percent_covered": 81.25, "percent_covered_display": "81", "missing_lines": 6, "excluded_lines": 0, "percent_statements_covered": 81.25, "percent_statements_covered_display": "81"}, "missing_lines": [90, 107, 115, 116, 143, 144], "excluded_lines": [], "start_line": 78}, "": {"executed_lines": [1, 3, 4, 5, 7, 10, 65, 68, 78], "summary": {"covered_lines": 9, "num_statements": 9, "percent_covered": 100.0, "percent_covered_display": "100", "missing_lines": 0, "excluded_lines": 0, "percent_statements_covered": 100.0, "percent_statements_covered_display": "100"}, "missing_lines": [], "excluded_lines": [], "start_line": 1}}, "classes": {"": {"executed_lines": [1, 3, 4, 5, 7, 10, 65, 68, 72, 78, 89, 96, 97, 98, 99, 105, 106, 113, 114, 123, 124, 125, 128, 129, 130, 131, 132, 134, 136, 137, 138, 139, 140, 141, 142, 150], "summary": {"covered_lines": 36, "num_statements": 42, "percent_covered": 85.71428571428571, "percent_covered_display": "86", "missing_lines": 6, "excluded_lines": 0, "percent_statements_covered": 85.71428571428571, "percent_statements_covered_display": "86"}, "missing_lines": [90, 107, 115, 116, 143, 144], "excluded_lines": [], "start_line": 1}}}, "src/tools/validation_tool.py": {"executed_lines": [1, 3, 4, 5, 7, 10, 12, 13, 15, 16, 17, 18, 22, 23, 26, 28, 29, 30, 31, 32, 33, 36, 38, 39, 40, 41, 42, 45, 55, 56, 62, 63, 64, 70, 71, 80, 81, 82, 83, 85, 86, 87, 89, 99, 100, 101, 104, 105, 106, 108, 116, 117, 120, 128, 129, 130, 132, 140, 141, 142, 143, 145, 153, 154, 155, 156, 159, 160, 161, 162, 182, 183, 184, 185, 188, 190, 200, 210, 217, 218, 225, 226, 234, 237, 240, 241, 244, 246, 248, 249, 252, 253, 255, 256, 257, 260, 261, 262, 268, 269, 270, 272, 274, 286, 287, 288, 289, 299, 302, 303, 330, 331, 334, 335, 337, 353, 354, 355, 357, 366, 375, 385, 392, 393, 400, 401, 407, 408, 409, 411, 413, 414, 415, 416, 417, 418, 419, 421, 423, 424, 426, 437, 446, 453, 454, 461, 462, 470, 471, 472, 474, 475, 476, 477, 478, 480, 482, 483, 484, 486, 487, 490, 491, 492, 493, 495, 496, 499, 500, 510, 513, 514, 515, 527, 530, 531, 542, 543, 554, 565, 566, 576, 577, 586, 587, 589], "summary": {"covered_lines": 186, "num_statements": 229, "percent_covered": 81.22270742358079, "percent_covered_display": "81", "missing_lines": 43, "excluded_lines": 0, "percent_statements_covered": 81.22270742358079, "percent_statements_covered_display": "81"}, "missing_lines": [19, 72, 73, 90, 118, 158, 164, 174, 186, 211, 219, 227, 228, 250, 263, 264, 265, 266, 275, 283, 291, 304, 305, 307, 308, 309, 311, 319, 320, 339, 340, 341, 342, 350, 386, 394, 447, 455, 463, 464, 532, 544, 555], "excluded_lines": [], "functions": {"_detect_doc_type_by_path": {"executed_lines": [12, 13, 15, 16, 17, 18], "summary": {"covered_lines": 6, "num_statements": 7, "percent_covered": 85.71428571428571, "percent_covered_display": "86", "missing_lines": 1, "excluded_lines": 0, "percent_statements_covered": 85.71428571428571, "percent_statements_covered_display": "86"}, "missing_lines": [19], "excluded_lines": [], "start_line": 10}, "_count_words": {"executed_lines": [23], "summary": {"covered_lines": 1, "num_statements": 1, "percent_covered": 100.0, "percent_covered_display": "100", "missing_lines": 0, "excluded_lines": 0, "percent_statements_covered": 100.0, "percent_statements_covered_display": "100"}, "missing_lines": [], "excluded_lines": [], "start_line": 22}, "_extract_headings": {"executed_lines": [28, 29, 30, 31, 32, 33], "summary": {"covered_lines": 6, "num_statements": 6, "percent_covered": 100.0, "percent_covered_display": "100", "missing_lines": 0, "excluded_lines": 0, "percent_statements_covered": 100.0, "percent_statements_covered_display": "100"}, "missing_lines": [], "excluded_lines": [], "start_line": 26}, "_heading_to_slug": {"executed_lines": [38, 39, 40, 41, 42], "summary": {"covered_lines": 5, "num_statements": 5, "percent_covered": 100.0, "percent_covered_display": "100", "missing_lines": 0, "excluded_lines": 0, "percent_statements_covered": 100.0, "percent_statements_covered_display": "100"}, "missing_lines": [], "excluded_lines": [], "start_line": 36}, "validate_doc": {"executed_lines": [55, 56, 62, 63, 64, 70, 71, 80, 81, 82, 83, 85, 86, 87, 89, 99, 100, 101, 104, 105, 106, 108, 116, 117, 120, 128, 129, 130, 132, 140, 141, 142, 143, 145, 153, 154, 155, 156, 159, 160, 161, 162, 182, 183, 184, 185, 188, 190], "summary": {"covered_lines": 48, "num_statements": 56, "percent_covered": 85.71428571428571, "percent_covered_display": "86", "missing_lines": 8, "excluded_lines": 0, "percent_statements_covered": 85.71428571428571, "percent_statements_covered_display": "86"}, "missing_lines": [72, 73, 90, 118, 158, 164, 174, 186], "excluded_lines": [], "start_line": 45}, "check_links": {"executed_lines": [210, 217, 218, 225, 226, 234, 237, 240, 241, 244, 246, 248, 249, 252, 253, 255, 256, 257, 260, 261, 262, 268, 269, 270, 272, 274, 286, 287, 288, 289, 299, 302, 303, 330, 331, 334, 335, 337, 353, 354, 355, 357, 366], "summary": {"covered_lines": 43, "num_statements": 68, "percent_covered": 63.23529411764706, "percent_covered_display": "63", "missing_lines": 25, "excluded_lines": 0, "percent_statements_covered": 63.23529411764706, "percent_statements_covered_display": "63"}, "missing_lines": [211, 219, 227, 228, 250, 263, 264, 265, 266, 275, 283, 291, 304, 305, 307, 308, 309, 311, 319, 320, 339, 340, 341, 342, 350], "excluded_lines": [], "start_line": 200}, "check_required_docs": {"executed_lines": [385, 392, 393, 400, 401, 407, 408, 409, 411, 413, 414, 415, 416, 417, 418, 419, 421, 423, 424, 426], "summary": {"covered_lines": 20, "num_statements": 22, "percent_covered": 90.9090909090909, "percent_covered_display": "91", "missing_lines": 2, "excluded_lines": 0, "percent_statements_covered": 90.9090909090909, "percent_statements_covered_display": "91"}, "missing_lines": [386, 394], "excluded_lines": [], "start_line": 375}, "lint_markdown": {"executed_lines": [446, 453, 454, 461, 462, 470, 471, 472, 474, 475, 476, 477, 478, 480, 482, 483, 484, 486, 487, 490, 491, 492, 493, 495, 496, 499, 500, 510, 513, 514, 515, 527, 530, 531, 542, 543, 554, 565, 566, 576, 577, 586, 587, 589], "summary": {"covered_lines": 44, "num_statements": 51, "percent_covered": 86.27450980392157, "percent_covered_display": "86", "missing_lines": 7, "excluded_lines": 0, "percent_statements_covered": 86.27450980392157, "percent_statements_covered_display": "86"}, "missing_lines": [447, 455, 463, 464, 532, 544, 555], "excluded_lines": [], "start_line": 437}, "": {"executed_lines": [1, 3, 4, 5, 7, 10, 22, 26, 36, 45, 200, 375, 437], "summary": {"covered_lines": 13, "num_statements": 13, "percent_covered": 100.0, "percent_covered_display": "100", "missing_lines": 0, "excluded_lines": 0, "percent_statements_covered": 100.0, "percent_statements_covered_display": "100"}, "missing_lines": [], "excluded_lines": [], "start_line": 1}}, "classes": {"": {"executed_lines": [1, 3, 4, 5, 7, 10, 12, 13, 15, 16, 17, 18, 22, 23, 26, 28, 29, 30, 31, 32, 33, 36, 38, 39, 40, 41, 42, 45, 55, 56, 62, 63, 64, 70, 71, 80, 81, 82, 83, 85, 86, 87, 89, 99, 100, 101, 104, 105, 106, 108, 116, 117, 120, 128, 129, 130, 132, 140, 141, 142, 143, 145, 153, 154, 155, 156, 159, 160, 161, 162, 182, 183, 184, 185, 188, 190, 200, 210, 217, 218, 225, 226, 234, 237, 240, 241, 244, 246, 248, 249, 252, 253, 255, 256, 257, 260, 261, 262, 268, 269, 270, 272, 274, 286, 287, 288, 289, 299, 302, 303, 330, 331, 334, 335, 337, 353, 354, 355, 357, 366, 375, 385, 392, 393, 400, 401, 407, 408, 409, 411, 413, 414, 415, 416, 417, 418, 419, 421, 423, 424, 426, 437, 446, 453, 454, 461, 462, 470, 471, 472, 474, 475, 476, 477, 478, 480, 482, 483, 484, 486, 487, 490, 491, 492, 493, 495, 496, 499, 500, 510, 513, 514, 515, 527, 530, 531, 542, 543, 554, 565, 566, 576, 577, 586, 587, 589], "summary": {"covered_lines": 186, "num_statements": 229, "percent_covered": 81.22270742358079, "percent_covered_display": "81", "missing_lines": 43, "excluded_lines": 0, "percent_statements_covered": 81.22270742358079, "percent_statements_covered_display": "81"}, "missing_lines": [19, 72, 73, 90, 118, 158, 164, 174, 186, 211, 219, 227, 228, 250, 263, 264, 265, 266, 275, 283, 291, 304, 305, 307, 308, 309, 311, 319, 320, 339, 340, 341, 342, 350, 386, 394, 447, 455, 463, 464, 532, 544, 555], "excluded_lines": [], "start_line": 1}}}}, "totals": {"covered_lines": 667, "num_statements": 829, "percent_covered": 80.4583835946924, "percent_covered_display": "80", "missing_lines": 162, "excluded_lines": 0, "percent_statements_covered": 80.4583835946924, "percent_statements_covered_display": "80"}}